The system is: Darwin - 12.5.0 - i386
Compiling the C compiler identification source file "CMakeCCompilerId.c" succeeded.
Compiler: /usr/bin/cc 
Build flags: 
Id flags: 

The output was:
0


Compilation of the C compiler identification source "CMakeCCompilerId.c" produced "a.out"

The C compiler identification is Clang, found in "/Users/Gonzalo/github/Geant4/Practice/G4B1/build/CMakeFiles/2.8.11.2/CompilerIdC/a.out"

Compiling the CXX compiler identification source file "CMakeCXXCompilerId.cpp" succeeded.
Compiler: /usr/bin/c++ 
Build flags: 
Id flags: 

The output was:
0


Compilation of the CXX compiler identification source "CMakeCXXCompilerId.cpp" produced "a.out"

The CXX compiler identification is Clang, found in "/Users/Gonzalo/github/Geant4/Practice/G4B1/build/CMakeFiles/2.8.11.2/CompilerIdCXX/a.out"

Determining if the C compiler works passed with the following output:
Change Dir: /Users/Gonzalo/github/Geant4/Practice/G4B1/build/CMakeFiles/CMakeTmp

Run Build Command:/opt/local/bin/gmake "cmTryCompileExec3708767228/fast"
/opt/local/bin/gmake -f CMakeFiles/cmTryCompileExec3708767228.dir/build.make CMakeFiles/cmTryCompileExec3708767228.dir/build
gmake[1]: Entering directory '/Users/Gonzalo/github/Geant4/Practice/G4B1/build/CMakeFiles/CMakeTmp'
"/Applications/CMake 2.8-11.app/Contents/bin/cmake" -E cmake_progress_report /Users/Gonzalo/github/Geant4/Practice/G4B1/build/CMakeFiles/CMakeTmp/CMakeFiles 1
Building C object CMakeFiles/cmTryCompileExec3708767228.dir/testCCompiler.c.o
/usr/bin/cc    -o CMakeFiles/cmTryCompileExec3708767228.dir/testCCompiler.c.o   -c /Users/Gonzalo/github/Geant4/Practice/G4B1/build/CMakeFiles/CMakeTmp/testCCompiler.c
Linking C executable cmTryCompileExec3708767228
"/Applications/CMake 2.8-11.app/Contents/bin/cmake" -E cmake_link_script CMakeFiles/cmTryCompileExec3708767228.dir/link.txt --verbose=1
/usr/bin/cc      -Wl,-search_paths_first -Wl,-headerpad_max_install_names   CMakeFiles/cmTryCompileExec3708767228.dir/testCCompiler.c.o  -o cmTryCompileExec3708767228  
gmake[1]: Leaving directory '/Users/Gonzalo/github/Geant4/Practice/G4B1/build/CMakeFiles/CMakeTmp'


Detecting C compiler ABI info compiled with the following output:
Change Dir: /Users/Gonzalo/github/Geant4/Practice/G4B1/build/CMakeFiles/CMakeTmp

Run Build Command:/opt/local/bin/gmake "cmTryCompileExec1204263135/fast"
/opt/local/bin/gmake -f CMakeFiles/cmTryCompileExec1204263135.dir/build.make CMakeFiles/cmTryCompileExec1204263135.dir/build
gmake[1]: Entering directory '/Users/Gonzalo/github/Geant4/Practice/G4B1/build/CMakeFiles/CMakeTmp'
"/Applications/CMake 2.8-11.app/Contents/bin/cmake" -E cmake_progress_report /Users/Gonzalo/github/Geant4/Practice/G4B1/build/CMakeFiles/CMakeTmp/CMakeFiles 1
Building C object CMakeFiles/cmTryCompileExec1204263135.dir/CMakeCCompilerABI.c.o
/usr/bin/cc    -o CMakeFiles/cmTryCompileExec1204263135.dir/CMakeCCompilerABI.c.o   -c "/Applications/CMake 2.8-11.app/Contents/share/cmake-2.8/Modules/CMakeCCompilerABI.c"
Linking C executable cmTryCompileExec1204263135
"/Applications/CMake 2.8-11.app/Contents/bin/cmake" -E cmake_link_script CMakeFiles/cmTryCompileExec1204263135.dir/link.txt --verbose=1
/usr/bin/cc      -Wl,-search_paths_first -Wl,-headerpad_max_install_names -v -Wl,-v CMakeFiles/cmTryCompileExec1204263135.dir/CMakeCCompilerABI.c.o  -o cmTryCompileExec1204263135   
Apple LLVM version 5.1 (clang-503.0.40) (based on LLVM 3.4svn)
Target: x86_64-apple-darwin12.5.0
Thread model: posix
 "/usr/bin/ld" -demangle -dynamic -arch x86_64 -macosx_version_min 10.8.0 -o cmTryCompileExec1204263135 -search_paths_first -headerpad_max_install_names -v CMakeFiles/cmTryCompileExec1204263135.dir/CMakeCCompilerABI.c.o -lSystem /usr/bin/../lib/clang/5.1/lib/darwin/libclang_rt.osx.a
@(#)PROGRAM:ld  PROJECT:ld64-236.4
configured to support archs: armv6 armv7 armv7s arm64 i386 x86_64 armv6m armv7m armv7em
Library search paths:
	/usr/lib
	/usr/local/lib
Framework search paths:
	/Library/Frameworks/
	/System/Library/Frameworks/
gmake[1]: Leaving directory '/Users/Gonzalo/github/Geant4/Practice/G4B1/build/CMakeFiles/CMakeTmp'


Parsed C implicit link information from above output:
  link line regex: [^( *|.*[/\])(ld|ld|collect2)[^/\]*( |$)]
  ignore line: [Change Dir: /Users/Gonzalo/github/Geant4/Practice/G4B1/build/CMakeFiles/CMakeTmp]
  ignore line: []
  ignore line: [Run Build Command:/opt/local/bin/gmake "cmTryCompileExec1204263135/fast"]
  ignore line: [/opt/local/bin/gmake -f CMakeFiles/cmTryCompileExec1204263135.dir/build.make CMakeFiles/cmTryCompileExec1204263135.dir/build]
  ignore line: [gmake[1]: Entering directory '/Users/Gonzalo/github/Geant4/Practice/G4B1/build/CMakeFiles/CMakeTmp']
  ignore line: ["/Applications/CMake 2.8-11.app/Contents/bin/cmake" -E cmake_progress_report /Users/Gonzalo/github/Geant4/Practice/G4B1/build/CMakeFiles/CMakeTmp/CMakeFiles 1]
  ignore line: [Building C object CMakeFiles/cmTryCompileExec1204263135.dir/CMakeCCompilerABI.c.o]
  ignore line: [/usr/bin/cc    -o CMakeFiles/cmTryCompileExec1204263135.dir/CMakeCCompilerABI.c.o   -c "/Applications/CMake 2.8-11.app/Contents/share/cmake-2.8/Modules/CMakeCCompilerABI.c"]
  ignore line: [Linking C executable cmTryCompileExec1204263135]
  ignore line: ["/Applications/CMake 2.8-11.app/Contents/bin/cmake" -E cmake_link_script CMakeFiles/cmTryCompileExec1204263135.dir/link.txt --verbose=1]
  ignore line: [/usr/bin/cc      -Wl,-search_paths_first -Wl,-headerpad_max_install_names -v -Wl,-v CMakeFiles/cmTryCompileExec1204263135.dir/CMakeCCompilerABI.c.o  -o cmTryCompileExec1204263135   ]
  ignore line: [Apple LLVM version 5.1 (clang-503.0.40) (based on LLVM 3.4svn)]
  ignore line: [Target: x86_64-apple-darwin12.5.0]
  ignore line: [Thread model: posix]
  link line: [ "/usr/bin/ld" -demangle -dynamic -arch x86_64 -macosx_version_min 10.8.0 -o cmTryCompileExec1204263135 -search_paths_first -headerpad_max_install_names -v CMakeFiles/cmTryCompileExec1204263135.dir/CMakeCCompilerABI.c.o -lSystem /usr/bin/../lib/clang/5.1/lib/darwin/libclang_rt.osx.a]
    arg [/usr/bin/ld] ==> ignore
    arg [-demangle] ==> ignore
    arg [-dynamic] ==> ignore
    arg [-arch] ==> ignore
    arg [x86_64] ==> ignore
    arg [-macosx_version_min] ==> ignore
    arg [10.8.0] ==> ignore
    arg [-o] ==> ignore
    arg [cmTryCompileExec1204263135] ==> ignore
    arg [-search_paths_first] ==> ignore
    arg [-headerpad_max_install_names] ==> ignore
    arg [-v] ==> ignore
    arg [CMakeFiles/cmTryCompileExec1204263135.dir/CMakeCCompilerABI.c.o] ==> ignore
    arg [-lSystem] ==> lib [System]
    arg [/usr/bin/../lib/clang/5.1/lib/darwin/libclang_rt.osx.a] ==> lib [/usr/bin/../lib/clang/5.1/lib/darwin/libclang_rt.osx.a]
  Library search paths: [;/usr/lib;/usr/local/lib]
  Framework search paths: [;/Library/Frameworks/;/System/Library/Frameworks/]
  remove lib [System]
  collapse lib [/usr/bin/../lib/clang/5.1/lib/darwin/libclang_rt.osx.a] ==> [/usr/lib/clang/5.1/lib/darwin/libclang_rt.osx.a]
  collapse library dir [/usr/lib] ==> [/usr/lib]
  collapse library dir [/usr/local/lib] ==> [/usr/local/lib]
  collapse framework dir [/Library/Frameworks/] ==> [/Library/Frameworks]
  collapse framework dir [/System/Library/Frameworks/] ==> [/System/Library/Frameworks]
  implicit libs: [/usr/lib/clang/5.1/lib/darwin/libclang_rt.osx.a]
  implicit dirs: [/usr/lib;/usr/local/lib]
  implicit fwks: [/Library/Frameworks;/System/Library/Frameworks]


Determining if the CXX compiler works passed with the following output:
Change Dir: /Users/Gonzalo/github/Geant4/Practice/G4B1/build/CMakeFiles/CMakeTmp

Run Build Command:/opt/local/bin/gmake "cmTryCompileExec1363251874/fast"
/opt/local/bin/gmake -f CMakeFiles/cmTryCompileExec1363251874.dir/build.make CMakeFiles/cmTryCompileExec1363251874.dir/build
gmake[1]: Entering directory '/Users/Gonzalo/github/Geant4/Practice/G4B1/build/CMakeFiles/CMakeTmp'
"/Applications/CMake 2.8-11.app/Contents/bin/cmake" -E cmake_progress_report /Users/Gonzalo/github/Geant4/Practice/G4B1/build/CMakeFiles/CMakeTmp/CMakeFiles 1
Building CXX object CMakeFiles/cmTryCompileExec1363251874.dir/testCXXCompiler.cxx.o
/usr/bin/c++     -o CMakeFiles/cmTryCompileExec1363251874.dir/testCXXCompiler.cxx.o -c /Users/Gonzalo/github/Geant4/Practice/G4B1/build/CMakeFiles/CMakeTmp/testCXXCompiler.cxx
Linking CXX executable cmTryCompileExec1363251874
"/Applications/CMake 2.8-11.app/Contents/bin/cmake" -E cmake_link_script CMakeFiles/cmTryCompileExec1363251874.dir/link.txt --verbose=1
/usr/bin/c++       -Wl,-search_paths_first -Wl,-headerpad_max_install_names   CMakeFiles/cmTryCompileExec1363251874.dir/testCXXCompiler.cxx.o  -o cmTryCompileExec1363251874  
gmake[1]: Leaving directory '/Users/Gonzalo/github/Geant4/Practice/G4B1/build/CMakeFiles/CMakeTmp'


Detecting CXX compiler ABI info compiled with the following output:
Change Dir: /Users/Gonzalo/github/Geant4/Practice/G4B1/build/CMakeFiles/CMakeTmp

Run Build Command:/opt/local/bin/gmake "cmTryCompileExec367231464/fast"
/opt/local/bin/gmake -f CMakeFiles/cmTryCompileExec367231464.dir/build.make CMakeFiles/cmTryCompileExec367231464.dir/build
gmake[1]: Entering directory '/Users/Gonzalo/github/Geant4/Practice/G4B1/build/CMakeFiles/CMakeTmp'
"/Applications/CMake 2.8-11.app/Contents/bin/cmake" -E cmake_progress_report /Users/Gonzalo/github/Geant4/Practice/G4B1/build/CMakeFiles/CMakeTmp/CMakeFiles 1
Building CXX object CMakeFiles/cmTryCompileExec367231464.dir/CMakeCXXCompilerABI.cpp.o
/usr/bin/c++     -o CMakeFiles/cmTryCompileExec367231464.dir/CMakeCXXCompilerABI.cpp.o -c "/Applications/CMake 2.8-11.app/Contents/share/cmake-2.8/Modules/CMakeCXXCompilerABI.cpp"
Linking CXX executable cmTryCompileExec367231464
"/Applications/CMake 2.8-11.app/Contents/bin/cmake" -E cmake_link_script CMakeFiles/cmTryCompileExec367231464.dir/link.txt --verbose=1
/usr/bin/c++       -Wl,-search_paths_first -Wl,-headerpad_max_install_names -v -Wl,-v CMakeFiles/cmTryCompileExec367231464.dir/CMakeCXXCompilerABI.cpp.o  -o cmTryCompileExec367231464   
Apple LLVM version 5.1 (clang-503.0.40) (based on LLVM 3.4svn)
Target: x86_64-apple-darwin12.5.0
Thread model: posix
 "/usr/bin/ld" -demangle -dynamic -arch x86_64 -macosx_version_min 10.8.0 -o cmTryCompileExec367231464 -search_paths_first -headerpad_max_install_names -v CMakeFiles/cmTryCompileExec367231464.dir/CMakeCXXCompilerABI.cpp.o -lstdc++ -lSystem /usr/bin/../lib/clang/5.1/lib/darwin/libclang_rt.osx.a
@(#)PROGRAM:ld  PROJECT:ld64-236.4
configured to support archs: armv6 armv7 armv7s arm64 i386 x86_64 armv6m armv7m armv7em
Library search paths:
	/usr/lib
	/usr/local/lib
Framework search paths:
	/Library/Frameworks/
	/System/Library/Frameworks/
gmake[1]: Leaving directory '/Users/Gonzalo/github/Geant4/Practice/G4B1/build/CMakeFiles/CMakeTmp'


Parsed CXX implicit link information from above output:
  link line regex: [^( *|.*[/\])(ld|ld|collect2)[^/\]*( |$)]
  ignore line: [Change Dir: /Users/Gonzalo/github/Geant4/Practice/G4B1/build/CMakeFiles/CMakeTmp]
  ignore line: []
  ignore line: [Run Build Command:/opt/local/bin/gmake "cmTryCompileExec367231464/fast"]
  ignore line: [/opt/local/bin/gmake -f CMakeFiles/cmTryCompileExec367231464.dir/build.make CMakeFiles/cmTryCompileExec367231464.dir/build]
  ignore line: [gmake[1]: Entering directory '/Users/Gonzalo/github/Geant4/Practice/G4B1/build/CMakeFiles/CMakeTmp']
  ignore line: ["/Applications/CMake 2.8-11.app/Contents/bin/cmake" -E cmake_progress_report /Users/Gonzalo/github/Geant4/Practice/G4B1/build/CMakeFiles/CMakeTmp/CMakeFiles 1]
  ignore line: [Building CXX object CMakeFiles/cmTryCompileExec367231464.dir/CMakeCXXCompilerABI.cpp.o]
  ignore line: [/usr/bin/c++     -o CMakeFiles/cmTryCompileExec367231464.dir/CMakeCXXCompilerABI.cpp.o -c "/Applications/CMake 2.8-11.app/Contents/share/cmake-2.8/Modules/CMakeCXXCompilerABI.cpp"]
  ignore line: [Linking CXX executable cmTryCompileExec367231464]
  ignore line: ["/Applications/CMake 2.8-11.app/Contents/bin/cmake" -E cmake_link_script CMakeFiles/cmTryCompileExec367231464.dir/link.txt --verbose=1]
  ignore line: [/usr/bin/c++       -Wl,-search_paths_first -Wl,-headerpad_max_install_names -v -Wl,-v CMakeFiles/cmTryCompileExec367231464.dir/CMakeCXXCompilerABI.cpp.o  -o cmTryCompileExec367231464   ]
  ignore line: [Apple LLVM version 5.1 (clang-503.0.40) (based on LLVM 3.4svn)]
  ignore line: [Target: x86_64-apple-darwin12.5.0]
  ignore line: [Thread model: posix]
  link line: [ "/usr/bin/ld" -demangle -dynamic -arch x86_64 -macosx_version_min 10.8.0 -o cmTryCompileExec367231464 -search_paths_first -headerpad_max_install_names -v CMakeFiles/cmTryCompileExec367231464.dir/CMakeCXXCompilerABI.cpp.o -lstdc++ -lSystem /usr/bin/../lib/clang/5.1/lib/darwin/libclang_rt.osx.a]
    arg [/usr/bin/ld] ==> ignore
    arg [-demangle] ==> ignore
    arg [-dynamic] ==> ignore
    arg [-arch] ==> ignore
    arg [x86_64] ==> ignore
    arg [-macosx_version_min] ==> ignore
    arg [10.8.0] ==> ignore
    arg [-o] ==> ignore
    arg [cmTryCompileExec367231464] ==> ignore
    arg [-search_paths_first] ==> ignore
    arg [-headerpad_max_install_names] ==> ignore
    arg [-v] ==> ignore
    arg [CMakeFiles/cmTryCompileExec367231464.dir/CMakeCXXCompilerABI.cpp.o] ==> ignore
    arg [-lstdc++] ==> lib [stdc++]
    arg [-lSystem] ==> lib [System]
    arg [/usr/bin/../lib/clang/5.1/lib/darwin/libclang_rt.osx.a] ==> lib [/usr/bin/../lib/clang/5.1/lib/darwin/libclang_rt.osx.a]
  Library search paths: [;/usr/lib;/usr/local/lib]
  Framework search paths: [;/Library/Frameworks/;/System/Library/Frameworks/]
  remove lib [System]
  collapse lib [/usr/bin/../lib/clang/5.1/lib/darwin/libclang_rt.osx.a] ==> [/usr/lib/clang/5.1/lib/darwin/libclang_rt.osx.a]
  collapse library dir [/usr/lib] ==> [/usr/lib]
  collapse library dir [/usr/local/lib] ==> [/usr/local/lib]
  collapse framework dir [/Library/Frameworks/] ==> [/Library/Frameworks]
  collapse framework dir [/System/Library/Frameworks/] ==> [/System/Library/Frameworks]
  implicit libs: [stdc++;/usr/lib/clang/5.1/lib/darwin/libclang_rt.osx.a]
  implicit dirs: [/usr/lib;/usr/local/lib]
  implicit fwks: [/Library/Frameworks;/System/Library/Frameworks]


